This is pdfTeX, Version 3.14159265-2.6-1.40.19 (TeX Live 2018) (preloaded format=pdflatex 2019.4.2)  3 JAN 2022 14:26
entering extended mode
 restricted \write18 enabled.
 %&-line parsing enabled.
**ColorImageAnalysis.tex
(./ColorImageAnalysis.tex
LaTeX2e <2018-04-01> patch level 2
Babel <3.18> and hyphenation patterns for 84 language(s) loaded.
(/usr/local/texlive/2018/texmf-dist/tex/latex/beamer/beamer.cls
Document Class: beamer 2018/02/20 v3.50 A class for typesetting presentations
(/usr/local/texlive/2018/texmf-dist/tex/latex/beamer/beamerbasemodes.sty
(/usr/local/texlive/2018/texmf-dist/tex/latex/etoolbox/etoolbox.sty
Package: etoolbox 2018/02/11 v2.5e e-TeX tools for LaTeX (JAW)
\etb@tempcnta=\count80
)
\beamer@tempbox=\box26
\beamer@tempcount=\count81
\c@beamerpauses=\count82

(/usr/local/texlive/2018/texmf-dist/tex/latex/beamer/beamerbasedecode.sty
\beamer@slideinframe=\count83
\beamer@minimum=\count84
)
\beamer@commentbox=\box27
\beamer@modecount=\count85
)
(/usr/local/texlive/2018/texmf-dist/tex/generic/oberdiek/ifpdf.sty
Package: ifpdf 2017/03/15 v3.2 Provides the ifpdf switch
)
\headdp=\dimen102
\footheight=\dimen103
\sidebarheight=\dimen104
\beamer@tempdim=\dimen105
\beamer@finalheight=\dimen106
\beamer@animht=\dimen107
\beamer@animdp=\dimen108
\beamer@animwd=\dimen109
\beamer@leftmargin=\dimen110
\beamer@rightmargin=\dimen111
\beamer@leftsidebar=\dimen112
\beamer@rightsidebar=\dimen113
\beamer@boxsize=\dimen114
\beamer@vboxoffset=\dimen115
\beamer@descdefault=\dimen116
\beamer@descriptionwidth=\dimen117
\beamer@lastskip=\skip41
\beamer@areabox=\box28
\beamer@animcurrent=\box29
\beamer@animshowbox=\box30
\beamer@sectionbox=\box31
\beamer@logobox=\box32
\beamer@linebox=\box33
\beamer@sectioncount=\count86
\beamer@subsubsectionmax=\count87
\beamer@subsectionmax=\count88
\beamer@sectionmax=\count89
\beamer@totalheads=\count90
\beamer@headcounter=\count91
\beamer@partstartpage=\count92
\beamer@sectionstartpage=\count93
\beamer@subsectionstartpage=\count94
\beamer@animationtempa=\count95
\beamer@animationtempb=\count96
\beamer@xpos=\count97
\beamer@ypos=\count98
\beamer@ypos@offset=\count99
\beamer@showpartnumber=\count100
\beamer@currentsubsection=\count101
\beamer@coveringdepth=\count102
\beamer@sectionadjust=\count103
\beamer@tocsectionnumber=\count104

(/usr/local/texlive/2018/texmf-dist/tex/latex/beamer/beamerbaseoptions.sty
(/usr/local/texlive/2018/texmf-dist/tex/latex/graphics/keyval.sty
Package: keyval 2014/10/28 v1.15 key=value parser (DPC)
\KV@toks@=\toks14
))
\beamer@paperwidth=\skip42
\beamer@paperheight=\skip43

(/usr/local/texlive/2018/texmf-dist/tex/latex/geometry/geometry.sty
Package: geometry 2018/03/24 v5.7 Page Geometry

(/usr/local/texlive/2018/texmf-dist/tex/generic/oberdiek/ifvtex.sty
Package: ifvtex 2016/05/16 v1.6 Detect VTeX and its facilities (HO)
Package ifvtex Info: VTeX not detected.
)
(/usr/local/texlive/2018/texmf-dist/tex/generic/ifxetex/ifxetex.sty
Package: ifxetex 2010/09/12 v0.6 Provides ifxetex conditional
)
\Gm@cnth=\count105
\Gm@cntv=\count106
\c@Gm@tempcnt=\count107
\Gm@bindingoffset=\dimen118
\Gm@wd@mp=\dimen119
\Gm@odd@mp=\dimen120
\Gm@even@mp=\dimen121
\Gm@layoutwidth=\dimen122
\Gm@layoutheight=\dimen123
\Gm@layouthoffset=\dimen124
\Gm@layoutvoffset=\dimen125
\Gm@dimlist=\toks15
)
(/usr/local/texlive/2018/texmf-dist/tex/latex/base/size10.clo
File: size10.clo 2014/09/29 v1.4h Standard LaTeX file (size option)
)
(/usr/local/texlive/2018/texmf-dist/tex/latex/pgf/basiclayer/pgfcore.sty
(/usr/local/texlive/2018/texmf-dist/tex/latex/graphics/graphicx.sty
Package: graphicx 2017/06/01 v1.1a Enhanced LaTeX Graphics (DPC,SPQR)

(/usr/local/texlive/2018/texmf-dist/tex/latex/graphics/graphics.sty
Package: graphics 2017/06/25 v1.2c Standard LaTeX Graphics (DPC,SPQR)

(/usr/local/texlive/2018/texmf-dist/tex/latex/graphics/trig.sty
Package: trig 2016/01/03 v1.10 sin cos tan (DPC)
)
(/usr/local/texlive/2018/texmf-dist/tex/latex/graphics-cfg/graphics.cfg
File: graphics.cfg 2016/06/04 v1.11 sample graphics configuration
)
Package graphics Info: Driver file: pdftex.def on input line 99.

(/usr/local/texlive/2018/texmf-dist/tex/latex/graphics-def/pdftex.def
File: pdftex.def 2018/01/08 v1.0l Graphics/color driver for pdftex
))
\Gin@req@height=\dimen126
\Gin@req@width=\dimen127
)
(/usr/local/texlive/2018/texmf-dist/tex/latex/pgf/systemlayer/pgfsys.sty
(/usr/local/texlive/2018/texmf-dist/tex/latex/pgf/utilities/pgfrcs.sty
(/usr/local/texlive/2018/texmf-dist/tex/generic/pgf/utilities/pgfutil-common.te
x
\pgfutil@everybye=\toks16
\pgfutil@tempdima=\dimen128
\pgfutil@tempdimb=\dimen129

(/usr/local/texlive/2018/texmf-dist/tex/generic/pgf/utilities/pgfutil-common-li
sts.tex))
(/usr/local/texlive/2018/texmf-dist/tex/generic/pgf/utilities/pgfutil-latex.def
\pgfutil@abb=\box34
(/usr/local/texlive/2018/texmf-dist/tex/latex/ms/everyshi.sty
Package: everyshi 2001/05/15 v3.00 EveryShipout Package (MS)
))
(/usr/local/texlive/2018/texmf-dist/tex/generic/pgf/utilities/pgfrcs.code.tex
Package: pgfrcs 2015/08/07 v3.0.1a (rcs-revision 1.31)
))
(/usr/local/texlive/2018/texmf-dist/tex/generic/pgf/systemlayer/pgfsys.code.tex
Package: pgfsys 2014/07/09 v3.0.1a (rcs-revision 1.48)
(/usr/local/texlive/2018/texmf-dist/tex/generic/pgf/utilities/pgfkeys.code.tex
\pgfkeys@pathtoks=\toks17
\pgfkeys@temptoks=\toks18

(/usr/local/texlive/2018/texmf-dist/tex/generic/pgf/utilities/pgfkeysfiltered.c
ode.tex
\pgfkeys@tmptoks=\toks19
))
\pgf@x=\dimen130
\pgf@y=\dimen131
\pgf@xa=\dimen132
\pgf@ya=\dimen133
\pgf@xb=\dimen134
\pgf@yb=\dimen135
\pgf@xc=\dimen136
\pgf@yc=\dimen137
\w@pgf@writea=\write3
\r@pgf@reada=\read1
\c@pgf@counta=\count108
\c@pgf@countb=\count109
\c@pgf@countc=\count110
\c@pgf@countd=\count111
\t@pgf@toka=\toks20
\t@pgf@tokb=\toks21
\t@pgf@tokc=\toks22

(/usr/local/texlive/2018/texmf-dist/tex/generic/pgf/systemlayer/pgf.cfg
File: pgf.cfg 2008/05/14  (rcs-revision 1.7)
)
Driver file for pgf: pgfsys-pdftex.def

(/usr/local/texlive/2018/texmf-dist/tex/generic/pgf/systemlayer/pgfsys-pdftex.d
ef
File: pgfsys-pdftex.def 2014/10/11  (rcs-revision 1.35)

(/usr/local/texlive/2018/texmf-dist/tex/generic/pgf/systemlayer/pgfsys-common-p
df.def
File: pgfsys-common-pdf.def 2013/10/10  (rcs-revision 1.13)
)))
(/usr/local/texlive/2018/texmf-dist/tex/generic/pgf/systemlayer/pgfsyssoftpath.
code.tex
File: pgfsyssoftpath.code.tex 2013/09/09  (rcs-revision 1.9)
\pgfsyssoftpath@smallbuffer@items=\count112
\pgfsyssoftpath@bigbuffer@items=\count113
)
(/usr/local/texlive/2018/texmf-dist/tex/generic/pgf/systemlayer/pgfsysprotocol.
code.tex
File: pgfsysprotocol.code.tex 2006/10/16  (rcs-revision 1.4)
)) (/usr/local/texlive/2018/texmf-dist/tex/latex/xcolor/xcolor.sty
Package: xcolor 2016/05/11 v2.12 LaTeX color extensions (UK)

(/usr/local/texlive/2018/texmf-dist/tex/latex/graphics-cfg/color.cfg
File: color.cfg 2016/01/02 v1.6 sample color configuration
)
Package xcolor Info: Driver file: pdftex.def on input line 225.
Package xcolor Info: Model `cmy' substituted by `cmy0' on input line 1348.
Package xcolor Info: Model `hsb' substituted by `rgb' on input line 1352.
Package xcolor Info: Model `RGB' extended on input line 1364.
Package xcolor Info: Model `HTML' substituted by `rgb' on input line 1366.
Package xcolor Info: Model `Hsb' substituted by `hsb' on input line 1367.
Package xcolor Info: Model `tHsb' substituted by `hsb' on input line 1368.
Package xcolor Info: Model `HSB' substituted by `hsb' on input line 1369.
Package xcolor Info: Model `Gray' substituted by `gray' on input line 1370.
Package xcolor Info: Model `wave' substituted by `hsb' on input line 1371.
)
(/usr/local/texlive/2018/texmf-dist/tex/generic/pgf/basiclayer/pgfcore.code.tex
Package: pgfcore 2010/04/11 v3.0.1a (rcs-revision 1.7)
(/usr/local/texlive/2018/texmf-dist/tex/generic/pgf/math/pgfmath.code.tex
(/usr/local/texlive/2018/texmf-dist/tex/generic/pgf/math/pgfmathcalc.code.tex
(/usr/local/texlive/2018/texmf-dist/tex/generic/pgf/math/pgfmathutil.code.tex)
(/usr/local/texlive/2018/texmf-dist/tex/generic/pgf/math/pgfmathparser.code.tex
\pgfmath@dimen=\dimen138
\pgfmath@count=\count114
\pgfmath@box=\box35
\pgfmath@toks=\toks23
\pgfmath@stack@operand=\toks24
\pgfmath@stack@operation=\toks25
)
(/usr/local/texlive/2018/texmf-dist/tex/generic/pgf/math/pgfmathfunctions.code.
tex
(/usr/local/texlive/2018/texmf-dist/tex/generic/pgf/math/pgfmathfunctions.basic
.code.tex)
(/usr/local/texlive/2018/texmf-dist/tex/generic/pgf/math/pgfmathfunctions.trigo
nometric.code.tex)
(/usr/local/texlive/2018/texmf-dist/tex/generic/pgf/math/pgfmathfunctions.rando
m.code.tex)
(/usr/local/texlive/2018/texmf-dist/tex/generic/pgf/math/pgfmathfunctions.compa
rison.code.tex)
(/usr/local/texlive/2018/texmf-dist/tex/generic/pgf/math/pgfmathfunctions.base.
code.tex)
(/usr/local/texlive/2018/texmf-dist/tex/generic/pgf/math/pgfmathfunctions.round
.code.tex)
(/usr/local/texlive/2018/texmf-dist/tex/generic/pgf/math/pgfmathfunctions.misc.
code.tex)
(/usr/local/texlive/2018/texmf-dist/tex/generic/pgf/math/pgfmathfunctions.integ
erarithmetics.code.tex)))
(/usr/local/texlive/2018/texmf-dist/tex/generic/pgf/math/pgfmathfloat.code.tex
\c@pgfmathroundto@lastzeros=\count115
))
(/usr/local/texlive/2018/texmf-dist/tex/generic/pgf/basiclayer/pgfcorepoints.co
de.tex
File: pgfcorepoints.code.tex 2013/10/07  (rcs-revision 1.27)
\pgf@picminx=\dimen139
\pgf@picmaxx=\dimen140
\pgf@picminy=\dimen141
\pgf@picmaxy=\dimen142
\pgf@pathminx=\dimen143
\pgf@pathmaxx=\dimen144
\pgf@pathminy=\dimen145
\pgf@pathmaxy=\dimen146
\pgf@xx=\dimen147
\pgf@xy=\dimen148
\pgf@yx=\dimen149
\pgf@yy=\dimen150
\pgf@zx=\dimen151
\pgf@zy=\dimen152
)
(/usr/local/texlive/2018/texmf-dist/tex/generic/pgf/basiclayer/pgfcorepathconst
ruct.code.tex
File: pgfcorepathconstruct.code.tex 2013/10/07  (rcs-revision 1.29)
\pgf@path@lastx=\dimen153
\pgf@path@lasty=\dimen154
)
(/usr/local/texlive/2018/texmf-dist/tex/generic/pgf/basiclayer/pgfcorepathusage
.code.tex
File: pgfcorepathusage.code.tex 2014/11/02  (rcs-revision 1.24)
\pgf@shorten@end@additional=\dimen155
\pgf@shorten@start@additional=\dimen156
)
(/usr/local/texlive/2018/texmf-dist/tex/generic/pgf/basiclayer/pgfcorescopes.co
de.tex
File: pgfcorescopes.code.tex 2015/05/08  (rcs-revision 1.46)
\pgfpic=\box36
\pgf@hbox=\box37
\pgf@layerbox@main=\box38
\pgf@picture@serial@count=\count116
)
(/usr/local/texlive/2018/texmf-dist/tex/generic/pgf/basiclayer/pgfcoregraphicst
ate.code.tex
File: pgfcoregraphicstate.code.tex 2014/11/02  (rcs-revision 1.12)
\pgflinewidth=\dimen157
)
(/usr/local/texlive/2018/texmf-dist/tex/generic/pgf/basiclayer/pgfcoretransform
ations.code.tex
File: pgfcoretransformations.code.tex 2015/08/07  (rcs-revision 1.20)
\pgf@pt@x=\dimen158
\pgf@pt@y=\dimen159
\pgf@pt@temp=\dimen160
)
(/usr/local/texlive/2018/texmf-dist/tex/generic/pgf/basiclayer/pgfcorequick.cod
e.tex
File: pgfcorequick.code.tex 2008/10/09  (rcs-revision 1.3)
)
(/usr/local/texlive/2018/texmf-dist/tex/generic/pgf/basiclayer/pgfcoreobjects.c
ode.tex
File: pgfcoreobjects.code.tex 2006/10/11  (rcs-revision 1.2)
)
(/usr/local/texlive/2018/texmf-dist/tex/generic/pgf/basiclayer/pgfcorepathproce
ssing.code.tex
File: pgfcorepathprocessing.code.tex 2013/09/09  (rcs-revision 1.9)
)
(/usr/local/texlive/2018/texmf-dist/tex/generic/pgf/basiclayer/pgfcorearrows.co
de.tex
File: pgfcorearrows.code.tex 2015/05/14  (rcs-revision 1.43)
\pgfarrowsep=\dimen161
)
(/usr/local/texlive/2018/texmf-dist/tex/generic/pgf/basiclayer/pgfcoreshade.cod
e.tex
File: pgfcoreshade.code.tex 2013/07/15  (rcs-revision 1.15)
\pgf@max=\dimen162
\pgf@sys@shading@range@num=\count117
)
(/usr/local/texlive/2018/texmf-dist/tex/generic/pgf/basiclayer/pgfcoreimage.cod
e.tex
File: pgfcoreimage.code.tex 2013/07/15  (rcs-revision 1.18)

(/usr/local/texlive/2018/texmf-dist/tex/generic/pgf/basiclayer/pgfcoreexternal.
code.tex
File: pgfcoreexternal.code.tex 2014/07/09  (rcs-revision 1.21)
\pgfexternal@startupbox=\box39
))
(/usr/local/texlive/2018/texmf-dist/tex/generic/pgf/basiclayer/pgfcorelayers.co
de.tex
File: pgfcorelayers.code.tex 2013/07/18  (rcs-revision 1.7)
)
(/usr/local/texlive/2018/texmf-dist/tex/generic/pgf/basiclayer/pgfcoretranspare
ncy.code.tex
File: pgfcoretransparency.code.tex 2013/09/30  (rcs-revision 1.5)
)
(/usr/local/texlive/2018/texmf-dist/tex/generic/pgf/basiclayer/pgfcorepatterns.
code.tex
File: pgfcorepatterns.code.tex 2013/11/07  (rcs-revision 1.5)
)))
(/usr/local/texlive/2018/texmf-dist/tex/latex/pgf/utilities/xxcolor.sty
Package: xxcolor 2003/10/24 ver 0.1
\XC@nummixins=\count118
\XC@countmixins=\count119
)
(/usr/local/texlive/2018/texmf-dist/tex/generic/oberdiek/atbegshi.sty
Package: atbegshi 2016/06/09 v1.18 At begin shipout hook (HO)

(/usr/local/texlive/2018/texmf-dist/tex/generic/oberdiek/infwarerr.sty
Package: infwarerr 2016/05/16 v1.4 Providing info/warning/error messages (HO)
)
(/usr/local/texlive/2018/texmf-dist/tex/generic/oberdiek/ltxcmds.sty
Package: ltxcmds 2016/05/16 v1.23 LaTeX kernel commands for general use (HO)
))
(/usr/local/texlive/2018/texmf-dist/tex/latex/hyperref/hyperref.sty
Package: hyperref 2018/02/06 v6.86b Hypertext links for LaTeX

(/usr/local/texlive/2018/texmf-dist/tex/generic/oberdiek/hobsub-hyperref.sty
Package: hobsub-hyperref 2016/05/16 v1.14 Bundle oberdiek, subset hyperref (HO)


(/usr/local/texlive/2018/texmf-dist/tex/generic/oberdiek/hobsub-generic.sty
Package: hobsub-generic 2016/05/16 v1.14 Bundle oberdiek, subset generic (HO)
Package: hobsub 2016/05/16 v1.14 Construct package bundles (HO)
Package hobsub Info: Skipping package `infwarerr' (already loaded).
Package hobsub Info: Skipping package `ltxcmds' (already loaded).
Package: ifluatex 2016/05/16 v1.4 Provides the ifluatex switch (HO)
Package ifluatex Info: LuaTeX not detected.
Package hobsub Info: Skipping package `ifvtex' (already loaded).
Package: intcalc 2016/05/16 v1.2 Expandable calculations with integers (HO)
Package hobsub Info: Skipping package `ifpdf' (already loaded).
Package: etexcmds 2016/05/16 v1.6 Avoid name clashes with e-TeX commands (HO)
Package etexcmds Info: Could not find \expanded.
(etexcmds)             That can mean that you are not using pdfTeX 1.50 or
(etexcmds)             that some package has redefined \expanded.
(etexcmds)             In the latter case, load this package earlier.
Package: kvsetkeys 2016/05/16 v1.17 Key value parser (HO)
Package: kvdefinekeys 2016/05/16 v1.4 Define keys (HO)
Package: pdftexcmds 2018/01/30 v0.27 Utility functions of pdfTeX for LuaTeX (HO
)
Package pdftexcmds Info: LuaTeX not detected.
Package pdftexcmds Info: \pdf@primitive is available.
Package pdftexcmds Info: \pdf@ifprimitive is available.
Package pdftexcmds Info: \pdfdraftmode found.
Package: pdfescape 2016/05/16 v1.14 Implements pdfTeX's escape features (HO)
Package: bigintcalc 2016/05/16 v1.4 Expandable calculations on big integers (HO
)
Package: bitset 2016/05/16 v1.2 Handle bit-vector datatype (HO)
Package: uniquecounter 2016/05/16 v1.3 Provide unlimited unique counter (HO)
)
Package hobsub Info: Skipping package `hobsub' (already loaded).
Package: letltxmacro 2016/05/16 v1.5 Let assignment for LaTeX macros (HO)
Package: hopatch 2016/05/16 v1.3 Wrapper for package hooks (HO)
Package: xcolor-patch 2016/05/16 xcolor patch
Package: atveryend 2016/05/16 v1.9 Hooks at the very end of document (HO)
Package hobsub Info: Skipping package `atbegshi' (already loaded).
Package: refcount 2016/05/16 v3.5 Data extraction from label references (HO)
Package: hycolor 2016/05/16 v1.8 Color options for hyperref/bookmark (HO)
)
(/usr/local/texlive/2018/texmf-dist/tex/latex/oberdiek/auxhook.sty
Package: auxhook 2016/05/16 v1.4 Hooks for auxiliary files (HO)
)
(/usr/local/texlive/2018/texmf-dist/tex/latex/oberdiek/kvoptions.sty
Package: kvoptions 2016/05/16 v3.12 Key value format for package options (HO)
)
\@linkdim=\dimen163
\Hy@linkcounter=\count120
\Hy@pagecounter=\count121

(/usr/local/texlive/2018/texmf-dist/tex/latex/hyperref/pd1enc.def
File: pd1enc.def 2018/02/06 v6.86b Hyperref: PDFDocEncoding definition (HO)
Now handling font encoding PD1 ...
... no UTF-8 mapping file for font encoding PD1
)
\Hy@SavedSpaceFactor=\count122

(/usr/local/texlive/2018/texmf-dist/tex/latex/latexconfig/hyperref.cfg
File: hyperref.cfg 2002/06/06 v1.2 hyperref configuration of TeXLive
)
Package hyperref Info: Option `bookmarks' set `true' on input line 4383.
Package hyperref Info: Option `bookmarksopen' set `true' on input line 4383.
Package hyperref Info: Option `implicit' set `false' on input line 4383.
Package hyperref Info: Hyper figures OFF on input line 4509.
Package hyperref Info: Link nesting OFF on input line 4514.
Package hyperref Info: Hyper index ON on input line 4517.
Package hyperref Info: Plain pages OFF on input line 4524.
Package hyperref Info: Backreferencing OFF on input line 4529.
Package hyperref Info: Implicit mode OFF; no redefinition of LaTeX internals.
Package hyperref Info: Bookmarks ON on input line 4762.
\c@Hy@tempcnt=\count123

(/usr/local/texlive/2018/texmf-dist/tex/latex/url/url.sty
\Urlmuskip=\muskip10
Package: url 2013/09/16  ver 3.4  Verb mode for urls, etc.
)
LaTeX Info: Redefining \url on input line 5115.
\XeTeXLinkMargin=\dimen164
\Fld@menulength=\count124
\Field@Width=\dimen165
\Fld@charsize=\dimen166
Package hyperref Info: Hyper figures OFF on input line 6369.
Package hyperref Info: Link nesting OFF on input line 6374.
Package hyperref Info: Hyper index ON on input line 6377.
Package hyperref Info: backreferencing OFF on input line 6384.
Package hyperref Info: Link coloring OFF on input line 6389.
Package hyperref Info: Link coloring with OCG OFF on input line 6394.
Package hyperref Info: PDF/A mode OFF on input line 6399.
LaTeX Info: Redefining \ref on input line 6439.
LaTeX Info: Redefining \pageref on input line 6443.
\Hy@abspage=\count125


Package hyperref Message: Stopped early.

)
Package hyperref Info: Driver (autodetected): hpdftex.
 (/usr/local/texlive/2018/texmf-dist/tex/latex/hyperref/hpdftex.def
File: hpdftex.def 2018/02/06 v6.86b Hyperref driver for pdfTeX
\Fld@listcount=\count126
\c@bookmark@seq@number=\count127

(/usr/local/texlive/2018/texmf-dist/tex/latex/oberdiek/rerunfilecheck.sty
Package: rerunfilecheck 2016/05/16 v1.8 Rerun checks for auxiliary files (HO)
Package uniquecounter Info: New unique counter `rerunfilecheck' on input line 2
82.
))
(/usr/local/texlive/2018/texmf-dist/tex/latex/beamer/beamerbaserequires.sty
(/usr/local/texlive/2018/texmf-dist/tex/latex/beamer/beamerbasecompatibility.st
y) (/usr/local/texlive/2018/texmf-dist/tex/latex/beamer/beamerbasefont.sty
(/usr/local/texlive/2018/texmf-dist/tex/latex/amsfonts/amssymb.sty
Package: amssymb 2013/01/14 v3.01 AMS font symbols

(/usr/local/texlive/2018/texmf-dist/tex/latex/amsfonts/amsfonts.sty
Package: amsfonts 2013/01/14 v3.01 Basic AMSFonts support
\@emptytoks=\toks26
\symAMSa=\mathgroup4
\symAMSb=\mathgroup5
LaTeX Font Info:    Overwriting math alphabet `\mathfrak' in version `bold'
(Font)                  U/euf/m/n --> U/euf/b/n on input line 106.
))
(/usr/local/texlive/2018/texmf-dist/tex/latex/sansmathaccent/sansmathaccent.sty
Package: sansmathaccent 2013/03/28
(/usr/local/texlive/2018/texmf-dist/tex/latex/filehook/filehook.sty
Package: filehook 2011/10/12 v0.5d Hooks for input files
)))
(/usr/local/texlive/2018/texmf-dist/tex/latex/beamer/beamerbasetranslator.sty
(/usr/local/texlive/2018/texmf-dist/tex/latex/translator/translator.sty
Package: translator 2018/01/04 v1.12 Easy translation of strings in LaTeX
))
(/usr/local/texlive/2018/texmf-dist/tex/latex/beamer/beamerbasemisc.sty)
(/usr/local/texlive/2018/texmf-dist/tex/latex/beamer/beamerbasetwoscreens.sty)
(/usr/local/texlive/2018/texmf-dist/tex/latex/beamer/beamerbaseoverlay.sty
\beamer@argscount=\count128
\beamer@lastskipcover=\skip44
\beamer@trivlistdepth=\count129
)
(/usr/local/texlive/2018/texmf-dist/tex/latex/beamer/beamerbasetitle.sty)
(/usr/local/texlive/2018/texmf-dist/tex/latex/beamer/beamerbasesection.sty
\c@lecture=\count130
\c@part=\count131
\c@section=\count132
\c@subsection=\count133
\c@subsubsection=\count134
)
(/usr/local/texlive/2018/texmf-dist/tex/latex/beamer/beamerbaseframe.sty
\beamer@framebox=\box40
\beamer@frametitlebox=\box41
\beamer@zoombox=\box42
\beamer@zoomcount=\count135
\beamer@zoomframecount=\count136
\beamer@frametextheight=\dimen167
\c@subsectionslide=\count137
\beamer@frametopskip=\skip45
\beamer@framebottomskip=\skip46
\beamer@frametopskipautobreak=\skip47
\beamer@framebottomskipautobreak=\skip48
\beamer@envbody=\toks27
\framewidth=\dimen168
\c@framenumber=\count138
)
(/usr/local/texlive/2018/texmf-dist/tex/latex/beamer/beamerbaseverbatim.sty
\beamer@verbatimfileout=\write4
)
(/usr/local/texlive/2018/texmf-dist/tex/latex/beamer/beamerbaseframesize.sty
\beamer@splitbox=\box43
\beamer@autobreakcount=\count139
\beamer@autobreaklastheight=\dimen169
\beamer@frametitletoks=\toks28
\beamer@framesubtitletoks=\toks29
)
(/usr/local/texlive/2018/texmf-dist/tex/latex/beamer/beamerbaseframecomponents.
sty
\beamer@footins=\box44
) (/usr/local/texlive/2018/texmf-dist/tex/latex/beamer/beamerbasecolor.sty
\beamer@bg@ht=\dimen170
\beamer@bg@wd=\dimen171
\beamer@bg@dp=\dimen172
)
(/usr/local/texlive/2018/texmf-dist/tex/latex/beamer/beamerbasenotes.sty
\beamer@frameboxcopy=\box45
)
(/usr/local/texlive/2018/texmf-dist/tex/latex/beamer/beamerbasetoc.sty)
(/usr/local/texlive/2018/texmf-dist/tex/latex/beamer/beamerbasetemplates.sty
\beamer@sbttoks=\toks30

(/usr/local/texlive/2018/texmf-dist/tex/latex/beamer/beamerbaseauxtemplates.sty
(/usr/local/texlive/2018/texmf-dist/tex/latex/beamer/beamerbaseboxes.sty
\bmb@box=\box46
\bmb@colorbox=\box47
\bmb@boxshadow=\box48
\bmb@boxshadowball=\box49
\bmb@boxshadowballlarge=\box50
\bmb@temp=\dimen173
\bmb@dima=\dimen174
\bmb@dimb=\dimen175
\bmb@prevheight=\dimen176
)
\beamer@blockheadheight=\dimen177
))
(/usr/local/texlive/2018/texmf-dist/tex/latex/beamer/beamerbaselocalstructure.s
ty (/usr/local/texlive/2018/texmf-dist/tex/latex/tools/enumerate.sty
Package: enumerate 2015/07/23 v3.00 enumerate extensions (DPC)
\@enLab=\toks31
)
\c@figure=\count140
\c@table=\count141
\abovecaptionskip=\skip49
\belowcaptionskip=\skip50
)
(/usr/local/texlive/2018/texmf-dist/tex/latex/beamer/beamerbasenavigation.sty
\beamer@section@min@dim=\dimen178
)
(/usr/local/texlive/2018/texmf-dist/tex/latex/beamer/beamerbasetheorems.sty
(/usr/local/texlive/2018/texmf-dist/tex/latex/amsmath/amsmath.sty
Package: amsmath 2017/09/02 v2.17a AMS math features
\@mathmargin=\skip51

For additional information on amsmath, use the `?' option.
(/usr/local/texlive/2018/texmf-dist/tex/latex/amsmath/amstext.sty
Package: amstext 2000/06/29 v2.01 AMS text

(/usr/local/texlive/2018/texmf-dist/tex/latex/amsmath/amsgen.sty
File: amsgen.sty 1999/11/30 v2.0 generic functions
\@emptytoks=\toks32
\ex@=\dimen179
))
(/usr/local/texlive/2018/texmf-dist/tex/latex/amsmath/amsbsy.sty
Package: amsbsy 1999/11/29 v1.2d Bold Symbols
\pmbraise@=\dimen180
)
(/usr/local/texlive/2018/texmf-dist/tex/latex/amsmath/amsopn.sty
Package: amsopn 2016/03/08 v2.02 operator names
)
\inf@bad=\count142
LaTeX Info: Redefining \frac on input line 213.
\uproot@=\count143
\leftroot@=\count144
LaTeX Info: Redefining \overline on input line 375.
\classnum@=\count145
\DOTSCASE@=\count146
LaTeX Info: Redefining \ldots on input line 472.
LaTeX Info: Redefining \dots on input line 475.
LaTeX Info: Redefining \cdots on input line 596.
\Mathstrutbox@=\box51
\strutbox@=\box52
\big@size=\dimen181
LaTeX Font Info:    Redeclaring font encoding OML on input line 712.
LaTeX Font Info:    Redeclaring font encoding OMS on input line 713.
\macc@depth=\count147
\c@MaxMatrixCols=\count148
\dotsspace@=\muskip11
\c@parentequation=\count149
\dspbrk@lvl=\count150
\tag@help=\toks33
\row@=\count151
\column@=\count152
\maxfields@=\count153
\andhelp@=\toks34
\eqnshift@=\dimen182
\alignsep@=\dimen183
\tagshift@=\dimen184
\tagwidth@=\dimen185
\totwidth@=\dimen186
\lineht@=\dimen187
\@envbody=\toks35
\multlinegap=\skip52
\multlinetaggap=\skip53
\mathdisplay@stack=\toks36
LaTeX Info: Redefining \[ on input line 2817.
LaTeX Info: Redefining \] on input line 2818.
)
(/usr/local/texlive/2018/texmf-dist/tex/latex/amscls/amsthm.sty
Package: amsthm 2017/10/31 v2.20.4
\thm@style=\toks37
\thm@bodyfont=\toks38
\thm@headfont=\toks39
\thm@notefont=\toks40
\thm@headpunct=\toks41
\thm@preskip=\skip54
\thm@postskip=\skip55
\thm@headsep=\skip56
\dth@everypar=\toks42
)
\c@theorem=\count154
)
(/usr/local/texlive/2018/texmf-dist/tex/latex/beamer/beamerbasethemes.sty))
(/usr/local/texlive/2018/texmf-dist/tex/latex/beamer/beamerthemedefault.sty
(/usr/local/texlive/2018/texmf-dist/tex/latex/beamer/beamerfontthemedefault.sty
)
(/usr/local/texlive/2018/texmf-dist/tex/latex/beamer/beamercolorthemedefault.st
y)
(/usr/local/texlive/2018/texmf-dist/tex/latex/beamer/beamerinnerthemedefault.st
y
\beamer@dima=\dimen188
\beamer@dimb=\dimen189
)
(/usr/local/texlive/2018/texmf-dist/tex/latex/beamer/beamerouterthemedefault.st
y))) (./beamerthemeDiku.sty
Package: beamerthemeDiku 2009/09/21  (rcs-revision 1.1)

(/usr/local/texlive/2018/texmf-dist/tex/latex/beamer/beamerinnerthemerounded.st
y) (./beamercolorthemediku.sty
Package: beamercolorthemediku 2009/09/21  (rcs-revision 1.1)
))
(/usr/local/texlive/2018/texmf-dist/tex/latex/base/inputenc.sty
Package: inputenc 2018/04/06 v1.3b Input encoding file
\inpenc@prehook=\toks43
\inpenc@posthook=\toks44

(/usr/local/texlive/2018/texmf-dist/tex/latex/base/latin1.def
File: latin1.def 2018/04/06 v1.3b Input encoding file
))
(/usr/local/texlive/2018/texmf-dist/tex/latex/psnfss/times.sty
Package: times 2005/04/12 PSNFSS-v9.2a (SPQR) 
)
(/usr/local/texlive/2018/texmf-dist/tex/latex/base/fontenc.sty
Package: fontenc 2017/04/05 v2.0i Standard LaTeX package

(/usr/local/texlive/2018/texmf-dist/tex/latex/base/t1enc.def
File: t1enc.def 2017/04/05 v2.0i Standard LaTeX file
LaTeX Font Info:    Redeclaring font encoding T1 on input line 48.
))
(/usr/local/texlive/2018/texmf-dist/tex/generic/babel/babel.sty
Package: babel 2018/02/14 3.18 The Babel package

(/usr/local/texlive/2018/texmf-dist/tex/generic/babel/switch.def
File: switch.def 2018/02/14 3.18 Babel switching mechanism
)
(/usr/local/texlive/2018/texmf-dist/tex/generic/babel-english/english.ldf
Language: english 2017/06/06 v3.3r English support from the babel system

(/usr/local/texlive/2018/texmf-dist/tex/generic/babel/babel.def
File: babel.def 2018/02/14 3.18 Babel common definitions
\babel@savecnt=\count155
\U@D=\dimen190

(/usr/local/texlive/2018/texmf-dist/tex/generic/babel/txtbabel.def)
LaTeX Info: Redefining \textlatin on input line 1839.
\bbl@dirlevel=\count156
)
\l@canadian = a dialect from \language\l@american 
\l@australian = a dialect from \language\l@british 
\l@newzealand = a dialect from \language\l@british 
))
(/usr/local/texlive/2018/texmf-dist/tex/latex/animate/animate.sty
Package: animate 2018/02/28 PDF animations from files and inline graphics

(/usr/local/texlive/2018/texmf-dist/tex/latex/xkeyval/xkeyval.sty
Package: xkeyval 2014/12/03 v2.7a package option processing (HA)

(/usr/local/texlive/2018/texmf-dist/tex/generic/xkeyval/xkeyval.tex
(/usr/local/texlive/2018/texmf-dist/tex/generic/xkeyval/xkvutils.tex
\XKV@toks=\toks45
\XKV@tempa@toks=\toks46
)
\XKV@depth=\count157
File: xkeyval.tex 2014/12/03 v2.7a key=value parser (HA)
))
(/usr/local/texlive/2018/texmf-dist/tex/latex/base/ifthen.sty
Package: ifthen 2014/09/29 v1.1c Standard LaTeX ifthen package (DPC)
)
(/usr/local/texlive/2018/texmf-dist/tex/latex/oberdiek/ifdraft.sty
Package: ifdraft 2016/05/16 v1.4 Detect class options draft and final (HO)
)
(/usr/local/texlive/2018/texmf-dist/tex/latex/tools/calc.sty
Package: calc 2017/05/25 v4.3 Infix arithmetic (KKT,FJ)
\calc@Acount=\count158
\calc@Bcount=\count159
\calc@Adimen=\dimen191
\calc@Bdimen=\dimen192
\calc@Askip=\skip57
\calc@Bskip=\skip58
LaTeX Info: Redefining \setlength on input line 80.
LaTeX Info: Redefining \addtolength on input line 81.
\calc@Ccount=\count160
\calc@Cskip=\skip59
)
(/usr/local/texlive/2018/texmf-dist/tex/latex/media9/pdfbase.sty
(/usr/local/texlive/2018/texmf-dist/tex/latex/l3kernel/expl3.sty
Package: expl3 2018/03/05 L3 programming layer (loader) 

(/usr/local/texlive/2018/texmf-dist/tex/latex/l3kernel/expl3-code.tex
Package: expl3 2018/03/05 L3 programming layer (code)
\c_max_int=\count161
\l_tmpa_int=\count162
\l_tmpb_int=\count163
\g_tmpa_int=\count164
\g_tmpb_int=\count165
\g__intarray_font_int=\count166
\g__prg_map_int=\count167
\c_log_iow=\count168
\l_iow_line_count_int=\count169
\l__iow_line_target_int=\count170
\l__iow_one_indent_int=\count171
\l__iow_indent_int=\count172
\c_zero_dim=\dimen193
\c_max_dim=\dimen194
\l_tmpa_dim=\dimen195
\l_tmpb_dim=\dimen196
\g_tmpa_dim=\dimen197
\g_tmpb_dim=\dimen198
\c_zero_skip=\skip60
\c_max_skip=\skip61
\l_tmpa_skip=\skip62
\l_tmpb_skip=\skip63
\g_tmpa_skip=\skip64
\g_tmpb_skip=\skip65
\c_zero_muskip=\muskip12
\c_max_muskip=\muskip13
\l_tmpa_muskip=\muskip14
\l_tmpb_muskip=\muskip15
\g_tmpa_muskip=\muskip16
\g_tmpb_muskip=\muskip17
\l_keys_choice_int=\count173
\c__fp_leading_shift_int=\count174
\c__fp_middle_shift_int=\count175
\c__fp_trailing_shift_int=\count176
\c__fp_big_leading_shift_int=\count177
\c__fp_big_middle_shift_int=\count178
\c__fp_big_trailing_shift_int=\count179
\c__fp_Bigg_leading_shift_int=\count180
\c__fp_Bigg_middle_shift_int=\count181
\c__fp_Bigg_trailing_shift_int=\count182
\c__fp_rand_size_int=\count183
\c__fp_rand_four_int=\count184
\c__fp_rand_eight_int=\count185
\l__sort_length_int=\count186
\l__sort_min_int=\count187
\l__sort_top_int=\count188
\l__sort_max_int=\count189
\l__sort_true_max_int=\count190
\l__sort_block_int=\count191
\l__sort_begin_int=\count192
\l__sort_end_int=\count193
\l__sort_A_int=\count194
\l__sort_B_int=\count195
\l__sort_C_int=\count196
\l__tl_build_start_index_int=\count197
\l__tl_build_index_int=\count198
\l__tl_analysis_normal_int=\count199
\l__tl_analysis_index_int=\count266
\l__tl_analysis_nesting_int=\count267
\l__tl_analysis_type_int=\count268
\l__regex_internal_a_int=\count269
\l__regex_internal_b_int=\count270
\l__regex_internal_c_int=\count271
\l__regex_balance_int=\count272
\l__regex_group_level_int=\count273
\l__regex_mode_int=\count274
\c__regex_cs_in_class_mode_int=\count275
\c__regex_cs_mode_int=\count276
\l__regex_catcodes_int=\count277
\l__regex_default_catcodes_int=\count278
\c__regex_catcode_D_int=\count279
\c__regex_catcode_S_int=\count280
\c__regex_catcode_L_int=\count281
\c__regex_catcode_O_int=\count282
\c__regex_catcode_A_int=\count283
\c__regex_all_catcodes_int=\count284
\l__regex_show_lines_int=\count285
\l__regex_min_state_int=\count286
\l__regex_max_state_int=\count287
\l__regex_left_state_int=\count288
\l__regex_right_state_int=\count289
\l__regex_capturing_group_int=\count290
\l__regex_min_pos_int=\count291
\l__regex_max_pos_int=\count292
\l__regex_curr_pos_int=\count293
\l__regex_start_pos_int=\count294
\l__regex_success_pos_int=\count295
\l__regex_curr_char_int=\count296
\l__regex_curr_catcode_int=\count297
\l__regex_last_char_int=\count298
\l__regex_case_changed_char_int=\count299
\l__regex_curr_state_int=\count300
\l__regex_step_int=\count301
\l__regex_min_active_int=\count302
\l__regex_max_active_int=\count303
\l__regex_replacement_csnames_int=\count304
\l__regex_match_count_int=\count305
\l__regex_min_submatch_int=\count306
\l__regex_submatch_int=\count307
\l__regex_zeroth_submatch_int=\count308
\g__regex_trace_regex_int=\count309
\c_empty_box=\box53
\l_tmpa_box=\box54
\l_tmpb_box=\box55
\g_tmpa_box=\box56
\g_tmpb_box=\box57
\l__box_top_dim=\dimen199
\l__box_bottom_dim=\dimen256
\l__box_left_dim=\dimen257
\l__box_right_dim=\dimen258
\l__box_top_new_dim=\dimen259
\l__box_bottom_new_dim=\dimen260
\l__box_left_new_dim=\dimen261
\l__box_right_new_dim=\dimen262
\l__box_internal_box=\box58
\l__coffin_internal_box=\box59
\l__coffin_internal_dim=\dimen263
\l__coffin_offset_x_dim=\dimen264
\l__coffin_offset_y_dim=\dimen265
\l__coffin_x_dim=\dimen266
\l__coffin_y_dim=\dimen267
\l__coffin_x_prime_dim=\dimen268
\l__coffin_y_prime_dim=\dimen269
\c_empty_coffin=\box60
\l__coffin_aligned_coffin=\box61
\l__coffin_aligned_internal_coffin=\box62
\l_tmpa_coffin=\box63
\l_tmpb_coffin=\box64
\l__coffin_display_coffin=\box65
\l__coffin_display_coord_coffin=\box66
\l__coffin_display_pole_coffin=\box67
\l__coffin_display_offset_dim=\dimen270
\l__coffin_display_x_dim=\dimen271
\l__coffin_display_y_dim=\dimen272
\l__coffin_bounding_shift_dim=\dimen273
\l__coffin_left_corner_dim=\dimen274
\l__coffin_right_corner_dim=\dimen275
\l__coffin_bottom_corner_dim=\dimen276
\l__coffin_top_corner_dim=\dimen277
\l__coffin_scaled_total_height_dim=\dimen278
\l__coffin_scaled_width_dim=\dimen279
)
(/usr/local/texlive/2018/texmf-dist/tex/latex/l3kernel/l3pdfmode.def
File: l3pdfmode.def 2017/03/18 v L3 Experimental driver: PDF mode
\l__driver_color_stack_int=\count310
))
(/usr/local/texlive/2018/texmf-dist/tex/latex/l3packages/l3keys2e/l3keys2e.sty
Package: l3keys2e 2018/02/21 LaTeX2e option processing using LaTeX3 keys
)
Package: pdfbase 2018/04/06 v0.23 driver independent access to low-level PDF fe
atures
\g_pbs_page_int=\count311
\g_pbs_oc_int=\count312
) (/usr/local/texlive/2018/texmf-dist/tex/latex/ocgx2/ocgbase.sty
Package: ocgbase 2018/04/06 v0.13 support package for ocgx2.sty
\g_ocgbase_nd_int=\count313
)
\@anim@box=\box68
\@anim@measbox=\box69
\@anim@tmpdima=\dimen280
\@anim@tmpdimb=\dimen281
\@anim@num=\count314
\@anim@curframe=\count315
\@anim@curframe@zb=\count316
\@anim@resizeflags=\count317
\@anim@skipfram=\count318
\@anim@mulframecnt=\count319
\@anim@@tmlnfile=\read2
\@anim@tmpcnt=\count320
\c@@anim@ltxcnt=\count321
\@anim@curlayer=\count322
\@anim@lineno=\count323
\@anim@curfield=\count324
\@anim@@resizeflags=\count325
)
(./francois-preamble.sty
(/usr/local/texlive/2018/texmf-dist/tex/latex/jknapltx/mathrsfs.sty
Package: mathrsfs 1996/01/01 Math RSFS package v1.0 (jk)
\symrsfs=\mathgroup6
)
(/usr/local/texlive/2018/texmf-dist/tex/latex/oberdiek/stackrel.sty
Package: stackrel 2016/05/16 v1.3 Adding subscript option to stackrel (HO)
)
(/usr/local/texlive/2018/texmf-dist/tex/latex/units/nicefrac.sty
Package: nicefrac 1998/08/04 v0.9b Nice fractions
\L@UnitsRaiseDisplaystyle=\skip66
\L@UnitsRaiseTextstyle=\skip67
\L@UnitsRaiseScriptstyle=\skip68
)
(/usr/local/texlive/2018/texmf-dist/tex/generic/xypic/xy.tex Bootstrap'ing:
catcodes, docmode,
(/usr/local/texlive/2018/texmf-dist/tex/generic/xypic/xyrecat.tex)
(/usr/local/texlive/2018/texmf-dist/tex/generic/xypic/xyidioms.tex)

 Xy-pic version 3.8.9 <2013/10/06>
 Copyright (c) 1991-2013 by Kristoffer H. Rose <krisrose@tug.org> and others
 Xy-pic is free software: see the User's Guide for details.

Loading kernel: messages; fonts; allocations: state,
\X@c=\dimen282
\Y@c=\dimen283
\U@c=\dimen284
\D@c=\dimen285
\L@c=\dimen286
\R@c=\dimen287
\Edge@c=\toks47
\X@p=\dimen288
\Y@p=\dimen289
\U@p=\dimen290
\D@p=\dimen291
\L@p=\dimen292
\R@p=\dimen293
\Edge@p=\toks48
\X@origin=\dimen294
\Y@origin=\dimen295
\X@xbase=\dimen296
\Y@xbase=\dimen297
\X@ybase=\dimen298
\Y@ybase=\dimen299
\X@min=\dimen300
\Y@min=\dimen301
\X@max=\dimen302
\Y@max=\dimen303
\lastobjectbox@=\box70
\zerodotbox@=\box71
\almostz@=\dimen304
 direction,
\d@X=\dimen305
\d@Y=\dimen306
\K@=\count326
\KK@=\count327
\Direction=\count328
\K@dXdY=\dimen307
\K@dYdX=\dimen308
\xyread@=\read3
\xywrite@=\write5
\csp@=\count329
\quotPTK@=\dimen309

utility macros; pictures: \xy, positions,
\swaptoks@@=\toks49
\connectobjectbox@@=\box72
 objects,
\styletoks@=\toks50
 decorations;
kernel objects: directionals, circles, text; options; algorithms: directions,
edges, connections;  Xy-pic loaded)
(/usr/local/texlive/2018/texmf-dist/tex/generic/xypic/xyall.tex
 Xy-pic option: All features v.3.8
(/usr/local/texlive/2018/texmf-dist/tex/generic/xypic/xycurve.tex
 Xy-pic option: Curve and Spline extension v.3.12 curve,
\crv@cnt@=\count330
\crvpts@=\toks51
\splinebox@=\box73
\splineval@=\dimen310
\splinedepth@=\dimen311
\splinetol@=\dimen312
\splinelength@=\dimen313
 circles,
\L@=\dimen314
 loaded)
(/usr/local/texlive/2018/texmf-dist/tex/generic/xypic/xyframe.tex
 Xy-pic option: Frame and Bracket extension v.3.14 loaded)
(/usr/local/texlive/2018/texmf-dist/tex/generic/xypic/xycmtip.tex
 Xy-pic option: Computer Modern tip extension v.3.7
(/usr/local/texlive/2018/texmf-dist/tex/generic/xypic/xytips.tex
 Xy-pic option: More Tips extension v.3.11 loaded) loaded)
(/usr/local/texlive/2018/texmf-dist/tex/generic/xypic/xyline.tex
 Xy-pic option: Line styles extension v.3.10
\xylinethick@=\dimen315
 loaded)
(/usr/local/texlive/2018/texmf-dist/tex/generic/xypic/xyrotate.tex
 Xy-pic option: Rotate and Scale extension v.3.8 loaded)
(/usr/local/texlive/2018/texmf-dist/tex/generic/xypic/xycolor.tex
 Xy-pic option: Colour extension v.3.11 loaded)
(/usr/local/texlive/2018/texmf-dist/tex/generic/xypic/xymatrix.tex
 Xy-pic option: Matrix feature v.3.14
\Row=\count331
\Col=\count332
\queue@=\toks52
\queue@@=\toks53
\qcount@=\count333
\qcount@@=\count334
\matrixsize@=\count335
 loaded)
(/usr/local/texlive/2018/texmf-dist/tex/generic/xypic/xyarrow.tex
 Xy-pic option: Arrow and Path feature v.3.9 path, \ar, loaded)
(/usr/local/texlive/2018/texmf-dist/tex/generic/xypic/xygraph.tex
 Xy-pic option: Graph feature v.3.11 loaded) loaded))
(/usr/local/texlive/2018/texmf-dist/tex/latex/multirow/multirow.sty
Package: multirow 2016/11/25 v2.2 Span multiple rows of a table
\multirow@colwidth=\skip69
\multirow@cntb=\count336
\multirow@dima=\skip70
\bigstrutjot=\dimen316
)
(./ColorImageAnalysis.aux)
\openout1 = `ColorImageAnalysis.aux'.

LaTeX Font Info:    Checking defaults for OML/cmm/m/it on input line 69.
LaTeX Font Info:    ... okay on input line 69.
LaTeX Font Info:    Checking defaults for T1/cmr/m/n on input line 69.
LaTeX Font Info:    ... okay on input line 69.
LaTeX Font Info:    Checking defaults for OT1/cmr/m/n on input line 69.
LaTeX Font Info:    ... okay on input line 69.
LaTeX Font Info:    Checking defaults for OMS/cmsy/m/n on input line 69.
LaTeX Font Info:    ... okay on input line 69.
LaTeX Font Info:    Checking defaults for OMX/cmex/m/n on input line 69.
LaTeX Font Info:    ... okay on input line 69.
LaTeX Font Info:    Checking defaults for U/cmr/m/n on input line 69.
LaTeX Font Info:    ... okay on input line 69.
LaTeX Font Info:    Checking defaults for PD1/pdf/m/n on input line 69.
LaTeX Font Info:    ... okay on input line 69.
LaTeX Font Info:    Try loading font information for T1+phv on input line 69.

(/usr/local/texlive/2018/texmf-dist/tex/latex/psnfss/t1phv.fd
File: t1phv.fd 2001/06/04 scalable font definitions for T1/phv.
)
*geometry* driver: auto-detecting
*geometry* detected driver: pdftex
*geometry* verbose mode - [ preamble ] result:
* driver: pdftex
* paper: custom
* layout: <same size as paper>
* layoutoffset:(h,v)=(0.0pt,0.0pt)
* modes: includehead includefoot 
* h-part:(L,W,R)=(28.45274pt, 307.28987pt, 28.45274pt)
* v-part:(T,H,B)=(0.0pt, 273.14662pt, 0.0pt)
* \paperwidth=364.19536pt
* \paperheight=273.14662pt
* \textwidth=307.28987pt
* \textheight=244.6939pt
* \oddsidemargin=-43.81725pt
* \evensidemargin=-43.81725pt
* \topmargin=-72.26999pt
* \headheight=14.22636pt
* \headsep=0.0pt
* \topskip=10.0pt
* \footskip=14.22636pt
* \marginparwidth=3.0pt
* \marginparsep=11.0pt
* \columnsep=10.0pt
* \skip\footins=9.0pt plus 4.0pt minus 2.0pt
* \hoffset=0.0pt
* \voffset=0.0pt
* \mag=1000
* \@twocolumnfalse
* \@twosidefalse
* \@mparswitchfalse
* \@reversemarginfalse
* (1in=72.27pt=25.4mm, 1cm=28.453pt)

(/usr/local/texlive/2018/texmf-dist/tex/context/base/mkii/supp-pdf.mkii
[Loading MPS to PDF converter (version 2006.09.02).]
\scratchcounter=\count337
\scratchdimen=\dimen317
\scratchbox=\box74
\nofMPsegments=\count338
\nofMParguments=\count339
\everyMPshowfont=\toks54
\MPscratchCnt=\count340
\MPscratchDim=\dimen318
\MPnumerator=\count341
\makeMPintoPDFobject=\count342
\everyMPtoPDFconversion=\toks55
) (/usr/local/texlive/2018/texmf-dist/tex/latex/oberdiek/epstopdf-base.sty
Package: epstopdf-base 2016/05/15 v2.6 Base part for package epstopdf

(/usr/local/texlive/2018/texmf-dist/tex/latex/oberdiek/grfext.sty
Package: grfext 2016/05/16 v1.2 Manage graphics extensions (HO)
)
Package epstopdf-base Info: Redefining graphics rule for `.eps' on input line 4
38.
Package grfext Info: Graphics extension search list:
(grfext)             [.pdf,.png,.jpg,.mps,.jpeg,.jbig2,.jb2,.PDF,.PNG,.JPG,.JPE
G,.JBIG2,.JB2,.eps]
(grfext)             \AppendGraphicsExtensions on input line 456.

(/usr/local/texlive/2018/texmf-dist/tex/latex/latexconfig/epstopdf-sys.cfg
File: epstopdf-sys.cfg 2010/07/13 v1.3 Configuration of (r)epstopdf for TeX Liv
e
))
ABD: EveryShipout initializing macros
\AtBeginShipoutBox=\box75
Package hyperref Info: Link coloring OFF on input line 69.

(/usr/local/texlive/2018/texmf-dist/tex/latex/hyperref/nameref.sty
Package: nameref 2016/05/21 v2.44 Cross-referencing by name of section

(/usr/local/texlive/2018/texmf-dist/tex/generic/oberdiek/gettitlestring.sty
Package: gettitlestring 2016/05/16 v1.5 Cleanup title references (HO)
)
\c@section@level=\count343
)
LaTeX Info: Redefining \ref on input line 69.
LaTeX Info: Redefining \pageref on input line 69.
LaTeX Info: Redefining \nameref on input line 69.

(./ColorImageAnalysis.out) (./ColorImageAnalysis.out)
\@outlinefile=\write6
\openout6 = `ColorImageAnalysis.out'.

LaTeX Font Info:    Overwriting symbol font `operators' in version `normal'
(Font)                  OT1/cmr/m/n --> OT1/cmss/m/n on input line 69.
LaTeX Font Info:    Overwriting symbol font `operators' in version `bold'
(Font)                  OT1/cmr/bx/n --> OT1/cmss/bx/n on input line 69.
\symnumbers=\mathgroup7
\sympureletters=\mathgroup8
LaTeX Font Info:    Overwriting math alphabet `\mathrm' in version `normal'
(Font)                  OT1/cmss/m/n --> T1/ptm/m/n on input line 69.
LaTeX Font Info:    Redeclaring math alphabet \mathbf on input line 69.
LaTeX Font Info:    Overwriting math alphabet `\mathbf' in version `normal'
(Font)                  OT1/cmr/bx/n --> T1/phv/bx/n on input line 69.
LaTeX Font Info:    Overwriting math alphabet `\mathbf' in version `bold'
(Font)                  OT1/cmr/bx/n --> T1/phv/bx/n on input line 69.
LaTeX Font Info:    Redeclaring math alphabet \mathsf on input line 69.
LaTeX Font Info:    Overwriting math alphabet `\mathsf' in version `normal'
(Font)                  OT1/cmss/m/n --> T1/phv/m/n on input line 69.
LaTeX Font Info:    Overwriting math alphabet `\mathsf' in version `bold'
(Font)                  OT1/cmss/bx/n --> T1/phv/m/n on input line 69.
LaTeX Font Info:    Redeclaring math alphabet \mathit on input line 69.
LaTeX Font Info:    Overwriting math alphabet `\mathit' in version `normal'
(Font)                  OT1/cmr/m/it --> T1/phv/m/it on input line 69.
LaTeX Font Info:    Overwriting math alphabet `\mathit' in version `bold'
(Font)                  OT1/cmr/bx/it --> T1/phv/m/it on input line 69.
LaTeX Font Info:    Redeclaring math alphabet \mathtt on input line 69.
LaTeX Font Info:    Overwriting math alphabet `\mathtt' in version `normal'
(Font)                  OT1/cmtt/m/n --> T1/pcr/m/n on input line 69.
LaTeX Font Info:    Overwriting math alphabet `\mathtt' in version `bold'
(Font)                  OT1/cmtt/m/n --> T1/pcr/m/n on input line 69.
LaTeX Font Info:    Overwriting symbol font `numbers' in version `bold'
(Font)                  T1/phv/m/n --> T1/phv/bx/n on input line 69.
LaTeX Font Info:    Overwriting symbol font `pureletters' in version `bold'
(Font)                  T1/phv/m/it --> T1/phv/bx/it on input line 69.
LaTeX Font Info:    Overwriting math alphabet `\mathrm' in version `bold'
(Font)                  OT1/cmss/bx/n --> T1/ptm/bx/n on input line 69.
LaTeX Font Info:    Overwriting math alphabet `\mathbf' in version `bold'
(Font)                  T1/phv/bx/n --> T1/phv/bx/n on input line 69.
LaTeX Font Info:    Overwriting math alphabet `\mathsf' in version `bold'
(Font)                  T1/phv/m/n --> T1/phv/bx/n on input line 69.
LaTeX Font Info:    Overwriting math alphabet `\mathit' in version `bold'
(Font)                  T1/phv/m/it --> T1/phv/bx/it on input line 69.
LaTeX Font Info:    Overwriting math alphabet `\mathtt' in version `bold'
(Font)                  T1/pcr/m/n --> T1/pcr/bx/n on input line 69.

(/usr/local/texlive/2018/texmf-dist/tex/latex/translator/translator-basic-dicti
onary-English.dict
Dictionary: translator-basic-dictionary, Language: English 
)
(/usr/local/texlive/2018/texmf-dist/tex/latex/translator/translator-bibliograph
y-dictionary-English.dict
Dictionary: translator-bibliography-dictionary, Language: English 
)
(/usr/local/texlive/2018/texmf-dist/tex/latex/translator/translator-environment
-dictionary-English.dict
Dictionary: translator-environment-dictionary, Language: English 
)
(/usr/local/texlive/2018/texmf-dist/tex/latex/translator/translator-months-dict
ionary-English.dict
Dictionary: translator-months-dictionary, Language: English 
)
(/usr/local/texlive/2018/texmf-dist/tex/latex/translator/translator-numbers-dic
tionary-English.dict
Dictionary: translator-numbers-dictionary, Language: English 
)
(/usr/local/texlive/2018/texmf-dist/tex/latex/translator/translator-theorem-dic
tionary-English.dict
Dictionary: translator-theorem-dictionary, Language: English 
) (./ColorImageAnalysis.nav) [1

{/usr/local/texlive/2018/texmf-var/fonts/map/pdftex/updmap/pdftex.map}]
LaTeX Font Info:    Font shape `T1/phv/bx/n' in size <14.4> not available
(Font)              Font shape `T1/phv/b/n' tried instead on input line 88.
LaTeX Font Info:    Try loading font information for U+msa on input line 88.

(/usr/local/texlive/2018/texmf-dist/tex/latex/amsfonts/umsa.fd
File: umsa.fd 2013/01/14 v3.01 AMS symbols A
)
LaTeX Font Info:    Try loading font information for U+msb on input line 88.

(/usr/local/texlive/2018/texmf-dist/tex/latex/amsfonts/umsb.fd
File: umsb.fd 2013/01/14 v3.01 AMS symbols B
)
LaTeX Font Info:    Try loading font information for U+rsfs on input line 88.

(/usr/local/texlive/2018/texmf-dist/tex/latex/jknapltx/ursfs.fd
File: ursfs.fd 1998/03/24 rsfs font definition file (jk)
)
LaTeX Font Info:    Font shape `T1/phv/m/it' in size <14.4> not available
(Font)              Font shape `T1/phv/m/sl' tried instead on input line 88.
LaTeX Font Info:    Font shape `T1/phv/m/it' in size <10> not available
(Font)              Font shape `T1/phv/m/sl' tried instead on input line 88.
LaTeX Font Info:    Font shape `T1/phv/m/it' in size <7> not available
(Font)              Font shape `T1/phv/m/sl' tried instead on input line 88.
 [2

]
LaTeX Font Info:    Font shape `T1/phv/bx/n' in size <20.74> not available
(Font)              Font shape `T1/phv/b/n' tried instead on input line 105.
LaTeX Font Info:    Font shape `T1/phv/m/it' in size <5> not available
(Font)              Font shape `T1/phv/m/sl' tried instead on input line 105.


LaTeX Warning: File `../FIGURES/elektro.eps' not found on input line 105.

Package epstopdf Info: Source file: <../FIGURES/elektro.eps>
(epstopdf)             Output file: <../FIGURES/elektro-eps-converted-to.pdf>
(epstopdf)                    date: 2021-12-07 13:28:18
(epstopdf)                    size: 7584 bytes
(epstopdf)             Command: <repstopdf --outfile=../FIGURES/elektro-eps-con
verted-to.pdf ../FIGURES/elektro.eps>
(epstopdf)             \includegraphics on input line 105.
Package epstopdf Info: Output file is already uptodate.
<../FIGURES/elektro-eps-converted-to.pdf, id=32, 564.1075pt x 217.81375pt>
File: ../FIGURES/elektro-eps-converted-to.pdf Graphic file (type pdf)
<use ../FIGURES/elektro-eps-converted-to.pdf>
Package pdftex.def Info: ../FIGURES/elektro-eps-converted-to.pdf  used on input
 line 105.
(pdftex.def)             Requested size: 227.62204pt x 87.88837pt.
[3

 <../FIGURES/elektro-eps-converted-to.pdf>]

pdfTeX warning: pdflatex (file ../IMAGES/SurfaceColorsFP.pdf): PDF inclusion: f
ound PDF version <1.6>, but at most version <1.5> allowed
<../IMAGES/SurfaceColorsFP.pdf, id=44, 946.53625pt x 370.38374pt>
File: ../IMAGES/SurfaceColorsFP.pdf Graphic file (type pdf)
<use ../IMAGES/SurfaceColorsFP.pdf>
Package pdftex.def Info: ../IMAGES/SurfaceColorsFP.pdf  used on input line 116.

(pdftex.def)             Requested size: 312.9803pt x 122.47002pt.

Overfull \hbox (5.69043pt too wide) detected at line 116
[]
 []

[4

 <../IMAGES/SurfaceColorsFP.pdf>]

pdfTeX warning: pdflatex (file ../IMAGES/IlluminantColor.pdf): PDF inclusion: f
ound PDF version <1.6>, but at most version <1.5> allowed
<../IMAGES/IlluminantColor.pdf, id=54, 856.19875pt x 653.44125pt>
File: ../IMAGES/IlluminantColor.pdf Graphic file (type pdf)
<use ../IMAGES/IlluminantColor.pdf>
Package pdftex.def Info: ../IMAGES/IlluminantColor.pdf  used on input line 131.

(pdftex.def)             Requested size: 139.4185pt x 106.39731pt.


pdfTeX warning: pdflatex (file ../IMAGES/IlluminantColor2.pdf): PDF inclusion: 
found PDF version <1.6>, but at most version <1.5> allowed
<../IMAGES/IlluminantColor2.pdf, id=55, 477.785pt x 372.39125pt>
File: ../IMAGES/IlluminantColor2.pdf Graphic file (type pdf)
<use ../IMAGES/IlluminantColor2.pdf>
Package pdftex.def Info: ../IMAGES/IlluminantColor2.pdf  used on input line 131
.
(pdftex.def)             Requested size: 139.4185pt x 108.6612pt.
[5

 <../IMAGES/IlluminantColor.pdf> <../IMAGES/IlluminantColor2.pdf>] [6

]

pdfTeX warning: pdflatex (file ../IMAGES/GammutFP.pdf): PDF inclusion: found PD
F version <1.6>, but at most version <1.5> allowed
<../IMAGES/GammutFP.pdf, id=80, 890.32625pt x 829.0975pt>
File: ../IMAGES/GammutFP.pdf Graphic file (type pdf)
<use ../IMAGES/GammutFP.pdf>
Package pdftex.def Info: ../IMAGES/GammutFP.pdf  used on input line 167.
(pdftex.def)             Requested size: 184.9429pt x 172.21796pt.
[7

 <../IMAGES/GammutFP.pdf>]

pdfTeX warning: pdflatex (file ../IMAGES/ColorDistribution.pdf): PDF inclusion:
 found PDF version <1.6>, but at most version <1.5> allowed
<../IMAGES/ColorDistribution.pdf, id=91, 868.24374pt x 813.0375pt>
File: ../IMAGES/ColorDistribution.pdf Graphic file (type pdf)
<use ../IMAGES/ColorDistribution.pdf>
Package pdftex.def Info: ../IMAGES/ColorDistribution.pdf  used on input line 17
9.
(pdftex.def)             Requested size: 199.16928pt x 186.49846pt.
[8

 <../IMAGES/ColorDistribution.pdf>] [9

]
Underfull \hbox (badness 10000) in paragraph at lines 220--220

 []


Underfull \hbox (badness 1577) in paragraph at lines 220--220
\T1/phv/m/n/10 ors out-side the tri-an-gle
 []

Package epstopdf Info: Source file: <../FIGURES/kroma.eps>
(epstopdf)                    date: 2021-12-07 11:54:26
(epstopdf)                    size: 21713 bytes
(epstopdf)             Output file: <../FIGURES/kroma-eps-converted-to.pdf>
(epstopdf)                    date: 2021-12-07 13:28:40
(epstopdf)                    size: 7367 bytes
(epstopdf)             Command: <repstopdf --outfile=../FIGURES/kroma-eps-conve
rted-to.pdf ../FIGURES/kroma.eps>
(epstopdf)             \includegraphics on input line 220.
Package epstopdf Info: Output file is already uptodate.
<../FIGURES/kroma-eps-converted-to.pdf, id=106, 517.935pt x 608.2725pt>
File: ../FIGURES/kroma-eps-converted-to.pdf Graphic file (type pdf)
<use ../FIGURES/kroma-eps-converted-to.pdf>
Package pdftex.def Info: ../FIGURES/kroma-eps-converted-to.pdf  used on input l
ine 220.
(pdftex.def)             Requested size: 167.87125pt x 197.14789pt.

Overfull \hbox (1.2377pt too wide) in paragraph at lines 220--220
[][]  
 []

[10

 <../FIGURES/kroma-eps-converted-to.pdf>]
Package epstopdf Info: Source file: <../FIGURES/spectralfilters.eps>
(epstopdf)                    date: 2021-12-07 11:55:19
(epstopdf)                    size: 15640 bytes
(epstopdf)             Output file: <../FIGURES/spectralfilters-eps-converted-t
o.pdf>
(epstopdf)                    date: 2021-12-07 11:55:19
(epstopdf)                    size: 12738 bytes
(epstopdf)             Command: <repstopdf --outfile=../FIGURES/spectralfilters
-eps-converted-to.pdf ../FIGURES/spectralfilters.eps>
(epstopdf)             \includegraphics on input line 244.
Package epstopdf Info: Output file is already uptodate.
<../FIGURES/spectralfilters-eps-converted-to.pdf, id=117, 579.16376pt x 410.533
75pt>
File: ../FIGURES/spectralfilters-eps-converted-to.pdf Graphic file (type pdf)
<use ../FIGURES/spectralfilters-eps-converted-to.pdf>
Package pdftex.def Info: ../FIGURES/spectralfilters-eps-converted-to.pdf  used 
on input line 244.
(pdftex.def)             Requested size: 128.0374pt x 90.7562pt.
Package epstopdf Info: Source file: <../FIGURES/humaneye.eps>
(epstopdf)                    date: 2021-12-07 11:55:32
(epstopdf)                    size: 13118 bytes
(epstopdf)             Output file: <../FIGURES/humaneye-eps-converted-to.pdf>
(epstopdf)                    date: 2021-12-07 11:55:32
(epstopdf)                    size: 12357 bytes
(epstopdf)             Command: <repstopdf --outfile=../FIGURES/humaneye-eps-co
nverted-to.pdf ../FIGURES/humaneye.eps>
(epstopdf)             \includegraphics on input line 244.
Package epstopdf Info: Output file is already uptodate.
<../FIGURES/humaneye-eps-converted-to.pdf, id=118, 579.16376pt x 411.5375pt>
File: ../FIGURES/humaneye-eps-converted-to.pdf Graphic file (type pdf)
<use ../FIGURES/humaneye-eps-converted-to.pdf>
Package pdftex.def Info: ../FIGURES/humaneye-eps-converted-to.pdf  used on inpu
t line 244.
(pdftex.def)             Requested size: 128.0374pt x 90.97809pt.
 [11

 <../FIGURES/spectralfilters-eps-converted-to.pdf> <../FIGURES/humaneye-eps-con
verted-to.pdf>]
LaTeX Font Info:    Font shape `T1/phv/m/it' in size <9> not available
(Font)              Font shape `T1/phv/m/sl' tried instead on input line 266.
LaTeX Font Info:    Font shape `T1/phv/m/it' in size <6> not available
(Font)              Font shape `T1/phv/m/sl' tried instead on input line 266.
 [12

]
Package epstopdf Info: Source file: <../FIGURES/spectralEX.eps>
(epstopdf)                    date: 2021-12-07 13:06:48
(epstopdf)                    size: 32124 bytes
(epstopdf)             Output file: <../FIGURES/spectralEX-eps-converted-to.pdf
>
(epstopdf)                    date: 2021-12-07 13:29:00
(epstopdf)                    size: 15690 bytes
(epstopdf)             Command: <repstopdf --outfile=../FIGURES/spectralEX-eps-
converted-to.pdf ../FIGURES/spectralEX.eps>
(epstopdf)             \includegraphics on input line 279.
Package epstopdf Info: Output file is already uptodate.
<../FIGURES/spectralEX-eps-converted-to.pdf, id=143, 655.44875pt x 457.71pt>
File: ../FIGURES/spectralEX-eps-converted-to.pdf Graphic file (type pdf)
<use ../FIGURES/spectralEX-eps-converted-to.pdf>
Package pdftex.def Info: ../FIGURES/spectralEX-eps-converted-to.pdf  used on in
put line 279.
(pdftex.def)             Requested size: 221.93158pt x 154.9768pt.
 [13

 <../FIGURES/spectralEX-eps-converted-to.pdf>] [14

]
Package epstopdf Info: Source file: <../FIGURES/fig2-12.eps>
(epstopdf)                    date: 2021-12-07 13:07:16
(epstopdf)                    size: 522166 bytes
(epstopdf)             Output file: <../FIGURES/fig2-12-eps-converted-to.pdf>
(epstopdf)                    date: 2021-12-07 13:29:54
(epstopdf)                    size: 409316 bytes
(epstopdf)             Command: <repstopdf --outfile=../FIGURES/fig2-12-eps-con
verted-to.pdf ../FIGURES/fig2-12.eps>
(epstopdf)             \includegraphics on input line 306.
Package epstopdf Info: Output file is already uptodate.
<../FIGURES/fig2-12-eps-converted-to.pdf, id=168, 597.23125pt x 845.1575pt>
File: ../FIGURES/fig2-12-eps-converted-to.pdf Graphic file (type pdf)
<use ../FIGURES/fig2-12-eps-converted-to.pdf>
Package pdftex.def Info: ../FIGURES/fig2-12-eps-converted-to.pdf  used on input
 line 306.
(pdftex.def)             Requested size: 210.55022pt x 214.84532pt.
 [15

 <../FIGURES/fig2-12-eps-converted-to.pdf>]
<../FIGURES/kromim.jpg, id=198, 1129.21875pt x 1129.21875pt>
File: ../FIGURES/kromim.jpg Graphic file (type jpg)
<use ../FIGURES/kromim.jpg>
Package pdftex.def Info: ../FIGURES/kromim.jpg  used on input line 331.
(pdftex.def)             Requested size: 85.35826pt x 85.3425pt.

Overfull \vbox (7.07773pt too high) detected at line 331
 []

[16

 <../FIGURES/kromim.jpg>] [17

]
<../FIGURES/Cim.jpg, id=210, 534.99875pt x 534.99875pt>
File: ../FIGURES/Cim.jpg Graphic file (type jpg)
<use ../FIGURES/Cim.jpg>
Package pdftex.def Info: ../FIGURES/Cim.jpg  used on input line 389.
(pdftex.def)             Requested size: 113.81102pt x 113.80614pt.
Package epstopdf Info: Source file: <../FIGURES/hsvfig.eps>
(epstopdf)                    date: 2021-12-07 13:08:25
(epstopdf)                    size: 4331 bytes
(epstopdf)             Output file: <../FIGURES/hsvfig-eps-converted-to.pdf>
(epstopdf)                    date: 2021-12-07 13:29:20
(epstopdf)                    size: 5884 bytes
(epstopdf)             Command: <repstopdf --outfile=../FIGURES/hsvfig-eps-conv
erted-to.pdf ../FIGURES/hsvfig.eps>
(epstopdf)             \includegraphics on input line 389.
Package epstopdf Info: Output file is already uptodate.
<../FIGURES/hsvfig-eps-converted-to.pdf, id=211, 229.85875pt x 453.695pt>
File: ../FIGURES/hsvfig-eps-converted-to.pdf Graphic file (type pdf)
<use ../FIGURES/hsvfig-eps-converted-to.pdf>
Package pdftex.def Info: ../FIGURES/hsvfig-eps-converted-to.pdf  used on input 
line 389.
(pdftex.def)             Requested size: 113.81102pt x 224.64548pt.
 [18

 <../FIGURES/Cim.jpg> <../FIGURES/hsvfig-eps-converted-to.pdf>] [19

]
\openout4 = `ColorImageAnalysis.vrb'.

 (./ColorImageAnalysis.vrb) [20

]
\openout4 = `ColorImageAnalysis.vrb'.


(./ColorImageAnalysis.vrb
LaTeX Font Info:    Try loading font information for T1+pcr on input line 4.

(/usr/local/texlive/2018/texmf-dist/tex/latex/psnfss/t1pcr.fd
File: t1pcr.fd 2001/06/04 font definitions for T1/pcr.
)) [21

]
<../FIGURES/Boxdetection.jpg, id=240, 1204.5pt x 903.375pt>
File: ../FIGURES/Boxdetection.jpg Graphic file (type jpg)
<use ../FIGURES/Boxdetection.jpg>
Package pdftex.def Info: ../FIGURES/Boxdetection.jpg  used on input line 475.
(pdftex.def)             Requested size: 284.52756pt x 213.3959pt.
 [22

 <../FIGURES/Boxdetection.jpg>]
<../IMAGES/wb_sardmen-incorrect.jpg, id=246, 250.9375pt x 250.9375pt>
File: ../IMAGES/wb_sardmen-incorrect.jpg Graphic file (type jpg)
<use ../IMAGES/wb_sardmen-incorrect.jpg>
Package pdftex.def Info: ../IMAGES/wb_sardmen-incorrect.jpg  used on input line
 498.
(pdftex.def)             Requested size: 119.50157pt x 119.50285pt.
<../IMAGES/wb_sardmen-correct.jpg, id=247, 250.9375pt x 250.9375pt>
File: ../IMAGES/wb_sardmen-correct.jpg Graphic file (type jpg)
<use ../IMAGES/wb_sardmen-correct.jpg>
Package pdftex.def Info: ../IMAGES/wb_sardmen-correct.jpg  used on input line 4
98.
(pdftex.def)             Requested size: 119.50157pt x 119.50285pt.

Overfull \vbox (7.26901pt too high) detected at line 498
 []

[23

 <../IMAGES/wb_sardmen-incorrect.jpg> <../IMAGES/wb_sardmen-correct.jpg>]
<../IMAGES/IMG_0495.JPG, id=253, 1606.0pt x 1204.5pt>
File: ../IMAGES/IMG_0495.JPG Graphic file (type jpg)
<use ../IMAGES/IMG_0495.JPG>
Package pdftex.def Info: ../IMAGES/IMG_0495.JPG  used on input line 523.
(pdftex.def)             Requested size: 139.4185pt x 104.55907pt.
<../IMAGES/ColorCorrected.png, id=254, 1446.3636pt x 1061.8872pt>
File: ../IMAGES/ColorCorrected.png Graphic file (type png)
<use ../IMAGES/ColorCorrected.png>
Package pdftex.def Info: ../IMAGES/ColorCorrected.png  used on input line 523.
(pdftex.def)             Requested size: 147.95433pt x 108.60919pt.

Overfull \hbox (18.92822pt too wide) in paragraph at lines 523--523
 [] 
 []

[24

 <../IMAGES/IMG_0495.JPG> <../IMAGES/ColorCorrected.png (PNG copy)>]
<../IMAGES/reduced_IMG_0484.JPG, id=260, 1027.84pt x 770.88pt>
File: ../IMAGES/reduced_IMG_0484.JPG Graphic file (type jpg)
<use ../IMAGES/reduced_IMG_0484.JPG>
Package pdftex.def Info: ../IMAGES/reduced_IMG_0484.JPG  used on input line 553
.
(pdftex.def)             Requested size: 136.57323pt x 102.42929pt.
<../IMAGES/opret0484.jpg, id=261, 2133.9725pt x 1521.685pt>
File: ../IMAGES/opret0484.jpg Graphic file (type jpg)
<use ../IMAGES/opret0484.jpg>
Package pdftex.def Info: ../IMAGES/opret0484.jpg  used on input line 553.
(pdftex.def)             Requested size: 147.95433pt x 105.48398pt.

Overfull \hbox (16.08295pt too wide) in paragraph at lines 553--553
 [] 
 []

[25

 <../IMAGES/reduced_IMG_0484.JPG> <../IMAGES/opret0484.jpg>]
File: ../IMAGES/opret0484.jpg Graphic file (type jpg)
<use ../IMAGES/opret0484.jpg>
Package pdftex.def Info: ../IMAGES/opret0484.jpg  used on input line 576.
(pdftex.def)             Requested size: 102.42992pt x 73.02379pt.
<../IMAGES/Boostfunction.png, id=271, 562.2606pt x 421.575pt>
File: ../IMAGES/Boostfunction.png Graphic file (type png)
<use ../IMAGES/Boostfunction.png>
Package pdftex.def Info: ../IMAGES/Boostfunction.png  used on input line 576.
(pdftex.def)             Requested size: 96.73936pt x 72.52878pt.
<../IMAGES/opret2_0484.jpg, id=272, 2133.9725pt x 1521.685pt>
File: ../IMAGES/opret2_0484.jpg Graphic file (type jpg)
<use ../IMAGES/opret2_0484.jpg>
Package pdftex.def Info: ../IMAGES/opret2_0484.jpg  used on input line 576.
(pdftex.def)             Requested size: 102.42992pt x 73.02379pt.

Overfull \hbox (11.86911pt too wide) in paragraph at lines 576--576
 [] 
 []

[26

 <../IMAGES/Boostfunction.png (PNG copy)> <../IMAGES/opret2_0484.jpg>]

pdfTeX warning: pdflatex (file ../IMAGES/WeldingSetUp.pdf): PDF inclusion: foun
d PDF version <1.6>, but at most version <1.5> allowed
<../IMAGES/WeldingSetUp.pdf, id=278, 500.87125pt x 348.30125pt>
File: ../IMAGES/WeldingSetUp.pdf Graphic file (type pdf)
<use ../IMAGES/WeldingSetUp.pdf>
Package pdftex.def Info: ../IMAGES/WeldingSetUp.pdf  used on input line 598.
(pdftex.def)             Requested size: 170.71652pt x 118.71317pt.
<../IMAGES/weldpool.pdf, id=279, 597.23125pt x 845.1575pt>
File: ../IMAGES/weldpool.pdf Graphic file (type pdf)
<use ../IMAGES/weldpool.pdf>
Package pdftex.def Info: ../IMAGES/weldpool.pdf  used on input line 598.
(pdftex.def)             Requested size: 113.81102pt x 161.04585pt.
[27

 <../IMAGES/WeldingSetUp.pdf> <../IMAGES/weldpool.pdf>]

pdfTeX warning: pdflatex (file ../IMAGES/WeldSpectrum.pdf): PDF inclusion: foun
d PDF version <1.6>, but at most version <1.5> allowed
<../IMAGES/WeldSpectrum.pdf, id=302, 595.22375pt x 365.365pt>
File: ../IMAGES/WeldSpectrum.pdf Graphic file (type pdf)
<use ../IMAGES/WeldSpectrum.pdf>
Package pdftex.def Info: ../IMAGES/WeldSpectrum.pdf  used on input line 616.
(pdftex.def)             Requested size: 147.95433pt x 90.81697pt.


pdfTeX warning: pdflatex (file ../IMAGES/WeldPoolModel.pdf): PDF inclusion: fou
nd PDF version <1.6>, but at most version <1.5> allowed
<../IMAGES/WeldPoolModel.pdf, id=303, 817.0525pt x 524.96124pt>
File: ../IMAGES/WeldPoolModel.pdf Graphic file (type pdf)
<use ../IMAGES/WeldPoolModel.pdf>
Package pdftex.def Info: ../IMAGES/WeldPoolModel.pdf  used on input line 616.
(pdftex.def)             Requested size: 147.95433pt x 95.05766pt.

Overfull \hbox (3.39868pt too wide) in paragraph at lines 616--616
 [] 
 []

[28

 <../IMAGES/WeldSpectrum.pdf> <../IMAGES/WeldPoolModel.pdf>]

pdfTeX warning: pdflatex (file ../IMAGES/WeldPoolImages.pdf): PDF inclusion: fo
und PDF version <1.6>, but at most version <1.5> allowed
<../IMAGES/WeldPoolImages.pdf, id=317, 651.43375pt x 523.9575pt>
File: ../IMAGES/WeldPoolImages.pdf Graphic file (type pdf)
<use ../IMAGES/WeldPoolImages.pdf>
Package pdftex.def Info: ../IMAGES/WeldPoolImages.pdf  used on input line 628.
(pdftex.def)             Requested size: 256.0748pt x 205.96558pt.
[29

 <../IMAGES/WeldPoolImages.pdf>]

pdfTeX warning: pdflatex (file ../IMAGES/before1.pdf): PDF inclusion: found PDF
 version <1.6>, but at most version <1.5> allowed
<../IMAGES/before1.pdf, id=327, 382.42876pt x 478.78876pt>
File: ../IMAGES/before1.pdf Graphic file (type pdf)
<use ../IMAGES/before1.pdf>
Package pdftex.def Info: ../IMAGES/before1.pdf  used on input line 650.
(pdftex.def)             Requested size: 128.0374pt x 160.29477pt.


pdfTeX warning: pdflatex (file ../IMAGES/after1.pdf): PDF inclusion: found PDF 
version <1.6>, but at most version <1.5> allowed
<../IMAGES/after1.pdf, id=328, 369.38pt x 472.76625pt>
File: ../IMAGES/after1.pdf Graphic file (type pdf)
<use ../IMAGES/after1.pdf>
Package pdftex.def Info: ../IMAGES/after1.pdf  used on input line 650.
(pdftex.def)             Requested size: 125.19212pt x 160.23343pt.

Overfull \vbox (12.08148pt too high) detected at line 650
 []

[30

 <../IMAGES/before1.pdf> <../IMAGES/after1.pdf>] [31

] [32

] [33

]
LaTeX Font Info:    Font shape `T1/phv/bx/n' in size <10> not available
(Font)              Font shape `T1/phv/b/n' tried instead on input line 765.
 [34

]

pdfTeX warning: pdflatex (file ../IMAGES/ColorTempDir.pdf): PDF inclusion: foun
d PDF version <1.6>, but at most version <1.5> allowed
<../IMAGES/ColorTempDir.pdf, id=364, 1147.28625pt x 552.0625pt>
File: ../IMAGES/ColorTempDir.pdf Graphic file (type pdf)
<use ../IMAGES/ColorTempDir.pdf>
Package pdftex.def Info: ../IMAGES/ColorTempDir.pdf  used on input line 781.
(pdftex.def)             Requested size: 256.0748pt x 123.21469pt.
[35

 <../IMAGES/ColorTempDir.pdf>]
File: ../IMAGES/before1.pdf Graphic file (type pdf)
<use ../IMAGES/before1.pdf>
Package pdftex.def Info: ../IMAGES/before1.pdf  used on input line 802.
(pdftex.def)             Requested size: 130.88268pt x 163.85995pt.


pdfTeX warning: pdflatex (file ../IMAGES/InvariantImage1.pdf): PDF inclusion: f
ound PDF version <1.6>, but at most version <1.5> allowed
<../IMAGES/InvariantImage1.pdf, id=374, 366.36874pt x 465.74pt>
File: ../IMAGES/InvariantImage1.pdf Graphic file (type pdf)
<use ../IMAGES/InvariantImage1.pdf>
Package pdftex.def Info: ../IMAGES/InvariantImage1.pdf  used on input line 802.

(pdftex.def)             Requested size: 128.0374pt x 162.76271pt.

Overfull \vbox (17.16519pt too high) detected at line 802
 []

[36

 <../IMAGES/InvariantImage1.pdf>]
File: ../IMAGES/ColorTempDir.pdf Graphic file (type pdf)
<use ../IMAGES/ColorTempDir.pdf>
Package pdftex.def Info: ../IMAGES/ColorTempDir.pdf  used on input line 818.
(pdftex.def)             Requested size: 256.0748pt x 123.21469pt.
 [37

] [38

]
<../FIGURES/Entropyfig.jpg, id=395, 542.92838pt x 146.34676pt>
File: ../FIGURES/Entropyfig.jpg Graphic file (type jpg)
<use ../FIGURES/Entropyfig.jpg>
Package pdftex.def Info: ../FIGURES/Entropyfig.jpg  used on input line 866.
(pdftex.def)             Requested size: 284.52756pt x 76.69698pt.
 [39

 <../FIGURES/Entropyfig.jpg>]

pdfTeX warning: pdflatex (file ../IMAGES/ShadowEdges1.pdf): PDF inclusion: foun
d PDF version <1.6>, but at most version <1.5> allowed
<../IMAGES/ShadowEdges1.pdf, id=401, 585.18625pt x 200.75pt>
File: ../IMAGES/ShadowEdges1.pdf Graphic file (type pdf)
<use ../IMAGES/ShadowEdges1.pdf>
Package pdftex.def Info: ../IMAGES/ShadowEdges1.pdf  used on input line 885.
(pdftex.def)             Requested size: 284.52756pt x 97.61174pt.
[40

 <../IMAGES/ShadowEdges1.pdf>]

pdfTeX warning: pdflatex (file ../IMAGES/BeforeAfter4.pdf): PDF inclusion: foun
d PDF version <1.6>, but at most version <1.5> allowed
<../IMAGES/BeforeAfter4.pdf, id=411, 1374.13374pt x 846.16125pt>
File: ../IMAGES/BeforeAfter4.pdf Graphic file (type pdf)
<use ../IMAGES/BeforeAfter4.pdf>
Package pdftex.def Info: ../IMAGES/BeforeAfter4.pdf  used on input line 895.
(pdftex.def)             Requested size: 312.9803pt x 192.71503pt.

Overfull \hbox (5.69043pt too wide) in paragraph at lines 895--895
 [] 
 []

[41

 <../IMAGES/BeforeAfter4.pdf>]

pdfTeX warning: pdflatex (file ../IMAGES/BeforeAfter3.pdf): PDF inclusion: foun
d PDF version <1.6>, but at most version <1.5> allowed
<../IMAGES/BeforeAfter3.pdf, id=421, 1376.14125pt x 609.27625pt>
File: ../IMAGES/BeforeAfter3.pdf Graphic file (type pdf)
<use ../IMAGES/BeforeAfter3.pdf>
Package pdftex.def Info: ../IMAGES/BeforeAfter3.pdf  used on input line 905.
(pdftex.def)             Requested size: 312.9803pt x 138.56873pt.

Overfull \hbox (5.69043pt too wide) in paragraph at lines 905--905
 [] 
 []

[42

 <../IMAGES/BeforeAfter3.pdf>]

pdfTeX warning: pdflatex (file ../IMAGES/ShadowEdges3.pdf): PDF inclusion: foun
d PDF version <1.6>, but at most version <1.5> allowed
<../IMAGES/ShadowEdges3.pdf, id=431, 630.355pt x 621.32124pt>
File: ../IMAGES/ShadowEdges3.pdf Graphic file (type pdf)
<use ../IMAGES/ShadowEdges3.pdf>
Package pdftex.def Info: ../IMAGES/ShadowEdges3.pdf  used on input line 914.
(pdftex.def)             Requested size: 227.62204pt x 224.35808pt.

Overfull \vbox (13.48839pt too high) detected at line 914
 []

[43

 <../IMAGES/ShadowEdges3.pdf>] [44

] [45

]
\tf@nav=\write7
\openout7 = `ColorImageAnalysis.nav'.

\tf@toc=\write8
\openout8 = `ColorImageAnalysis.toc'.

\tf@snm=\write9
\openout9 = `ColorImageAnalysis.snm'.

Package atveryend Info: Empty hook `BeforeClearDocument' on input line 944.
Package atveryend Info: Empty hook `AfterLastShipout' on input line 944.
 (./ColorImageAnalysis.aux)
Package atveryend Info: Executing hook `AtVeryEndDocument' on input line 944.
Package atveryend Info: Executing hook `AtEndAfterFileList' on input line 944.
Package rerunfilecheck Info: File `ColorImageAnalysis.out' has not changed.
(rerunfilecheck)             Checksum: D41D8CD98F00B204E9800998ECF8427E;0.
 ) 
Here is how much of TeX's memory you used:
 29505 strings out of 492649
 551232 string characters out of 6129623
 665766 words of memory out of 5000000
 32693 multiletter control sequences out of 15000+600000
 589596 words of font info for 103 fonts, out of 8000000 for 9000
 1141 hyphenation exceptions out of 8191
 56i,13n,57p,10431b,575s stack positions out of 5000i,500n,10000p,200000b,80000s
{/usr/local/texlive/2018/texmf-dist/fonts/enc/dvips/base/8r.enc}</usr/local/t
exlive/2018/texmf-dist/fonts/type1/public/amsfonts/cm/cmex10.pfb></usr/local/te
xlive/2018/texmf-dist/fonts/type1/public/amsfonts/cmextra/cmex9.pfb></usr/local
/texlive/2018/texmf-dist/fonts/type1/public/amsfonts/cm/cmmi10.pfb></usr/local/
texlive/2018/texmf-dist/fonts/type1/public/amsfonts/cm/cmmi5.pfb></usr/local/te
xlive/2018/texmf-dist/fonts/type1/public/amsfonts/cm/cmmi6.pfb></usr/local/texl
ive/2018/texmf-dist/fonts/type1/public/amsfonts/cm/cmmi7.pfb></usr/local/texliv
e/2018/texmf-dist/fonts/type1/public/amsfonts/cm/cmmi9.pfb></usr/local/texlive/
2018/texmf-dist/fonts/type1/public/amsfonts/cm/cmss10.pfb></usr/local/texlive/2
018/texmf-dist/fonts/type1/public/amsfonts/cm/cmss8.pfb></usr/local/texlive/201
8/texmf-dist/fonts/type1/public/amsfonts/cm/cmss9.pfb></usr/local/texlive/2018/
texmf-dist/fonts/type1/public/amsfonts/cm/cmsy10.pfb></usr/local/texlive/2018/t
exmf-dist/fonts/type1/public/amsfonts/cm/cmsy5.pfb></usr/local/texlive/2018/tex
mf-dist/fonts/type1/public/amsfonts/cm/cmsy7.pfb></usr/local/texlive/2018/texmf
-dist/fonts/type1/urw/courier/ucrr8a.pfb></usr/local/texlive/2018/texmf-dist/fo
nts/type1/urw/helvetic/uhvb8a.pfb></usr/local/texlive/2018/texmf-dist/fonts/typ
e1/urw/helvetic/uhvr8a.pfb></usr/local/texlive/2018/texmf-dist/fonts/type1/urw/
helvetic/uhvro8a.pfb>
Output written on ColorImageAnalysis.pdf (45 pages, 23530217 bytes).
PDF statistics:
 531 PDF objects out of 1000 (max. 8388607)
 364 compressed objects within 4 object streams
 91 named destinations out of 1000 (max. 500000)
 258 words of extra memory for PDF output out of 10000 (max. 10000000)

